{
  message: 'Darabase is cunnected successfully',
  level: 'info',
  label: 'Rizvi HM',
  timestamp: '2023-07-14T09:49:55.171Z'
}
{
  message: 'Example app listening on port 5000',
  level: 'info',
  label: 'Rizvi HM',
  timestamp: '2023-07-14T09:49:55.179Z'
}
{
  message: 'Darabase is cunnected successfully',
  level: 'info',
  label: 'Rizvi HM',
  timestamp: '2023-07-14T09:51:29.073Z'
}
{
  message: 'Example app listening on port 5000',
  level: 'info',
  label: 'Rizvi HM',
  timestamp: '2023-07-14T09:51:29.087Z'
}
Fri Jul 14 2023 15:51:51 [Rizvi HM] info: Darabase is cunnected successfully
Fri Jul 14 2023 15:51:51 [Rizvi HM] info: Example app listening on port 5000
Fri Jul 14 2023 15:53:36 [Rizvi HM] info: Darabase is cunnected successfully
Fri Jul 14 2023 15:53:36 [Rizvi HM] info: Example app listening on port 5000
Fri Jul 14 2023 15:53:44 [Rizvi HM] info: Darabase is cunnected successfully
Fri Jul 14 2023 15:53:44 [Rizvi HM] info: Example app listening on port 5000
Fri Jul 14 2023 15:54:7 [Rizvi HM] info: Darabase is cunnected successfully
Fri Jul 14 2023 15:54:7 [Rizvi HM] info: Example app listening on port 5000
Fri Jul 14 2023 15:54:33 [Rizvi HM] info: Darabase is cunnected successfully
Fri Jul 14 2023 15:54:33 [Rizvi HM] info: Example app listening on port 5000
Fri Jul 14 2023 15:57:16 [Rizvi HM] info: Darabase is cunnected successfully
Fri Jul 14 2023 15:57:16 [Rizvi HM] info: Example app listening on port 5000
