Tue Jul 18 2023 13:5:31 [Rizvi UM] error: globalErrorHandelar ~ [
  {
    "expected": "'Autumn' | 'Summer' | 'Fall'",
    "received": "undefined",
    "code": "invalid_type",
    "path": [
      "body",
      "title"
    ],
    "message": "Title is required"
  },
  {
    "expected": "'01' | '02' | '03'",
    "received": "undefined",
    "code": "invalid_type",
    "path": [
      "body",
      "code"
    ],
    "message": "Required"
  },
  {
    "expected": "'January' | 'February' | 'March' | 'April' | 'May' | 'June' | 'July' | 'August' | 'September' | 'October' | 'November' | 'December'",
    "received": "undefined",
    "code": "invalid_type",
    "path": [
      "body",
      "startMonth"
    ],
    "message": "Start month is required"
  },
  {
    "expected": "'January' | 'February' | 'March' | 'April' | 'May' | 'June' | 'July' | 'August' | 'September' | 'October' | 'November' | 'December'",
    "received": "undefined",
    "code": "invalid_type",
    "path": [
      "body",
      "endMonth"
    ],
    "message": "End month is required"
  }
]
Tue Jul 18 2023 13:6:38 [Rizvi UM] error: globalErrorHandelar ~ [
  {
    "code": "invalid_type",
    "expected": "string",
    "received": "undefined",
    "path": [
      "body",
      "year"
    ],
    "message": "Year is required"
  },
  {
    "expected": "'01' | '02' | '03'",
    "received": "undefined",
    "code": "invalid_type",
    "path": [
      "body",
      "code"
    ],
    "message": "Required"
  },
  {
    "expected": "'January' | 'February' | 'March' | 'April' | 'May' | 'June' | 'July' | 'August' | 'September' | 'October' | 'November' | 'December'",
    "received": "undefined",
    "code": "invalid_type",
    "path": [
      "body",
      "startMonth"
    ],
    "message": "Start month is required"
  },
  {
    "expected": "'January' | 'February' | 'March' | 'April' | 'May' | 'June' | 'July' | 'August' | 'September' | 'October' | 'November' | 'December'",
    "received": "undefined",
    "code": "invalid_type",
    "path": [
      "body",
      "endMonth"
    ],
    "message": "End month is required"
  }
]
Tue Jul 18 2023 13:15:11 [Rizvi UM] error: globalErrorHandelar ~ [
  {
    "code": "custom",
    "message": "both title and code should be provided or neither",
    "path": []
  }
]
Tue Jul 18 2023 13:25:24 [Rizvi UM] error: globalErrorHandelar ~ Invalide Semester Code
Tue Jul 18 2023 13:25:29 [Rizvi UM] error: globalErrorHandelar ~ Invalide Semester Code
Tue Jul 18 2023 13:25:50 [Rizvi UM] error: globalErrorHandelar ~ Invalide Semester Code
