Sat Jul 15 2023 21:21:52 [Rizvi UM] error: globalErrorHandelar ~ [
  {
    "code": "invalid_type",
    "expected": "string",
    "received": "undefined",
    "path": [
      "body",
      "role"
    ],
    "message": "role is required"
  }
]
Sat Jul 15 2023 21:21:55 [Rizvi UM] error: globalErrorHandelar ~ [
  {
    "code": "invalid_type",
    "expected": "string",
    "received": "undefined",
    "path": [
      "body",
      "role"
    ],
    "message": "role is required"
  }
]
Sat Jul 15 2023 21:21:56 [Rizvi UM] error: globalErrorHandelar ~ [
  {
    "code": "invalid_type",
    "expected": "string",
    "received": "undefined",
    "path": [
      "body",
      "role"
    ],
    "message": "role is required"
  }
]
Sat Jul 15 2023 21:22:16 [Rizvi UM] error: globalErrorHandelar ~ [
  {
    "code": "invalid_type",
    "expected": "string",
    "received": "undefined",
    "path": [
      "body",
      "role"
    ],
    "message": "role is required"
  }
]
Sat Jul 15 2023 21:22:20 [Rizvi UM] error: globalErrorHandelar ~ [
  {
    "code": "invalid_type",
    "expected": "string",
    "received": "undefined",
    "path": [
      "body",
      "role"
    ],
    "message": "role is required"
  }
]
Sat Jul 15 2023 21:27:48 [Rizvi UM] error: globalErrorHandelar ~ [
  {
    "code": "invalid_type",
    "expected": "string",
    "received": "undefined",
    "path": [
      "body",
      "role"
    ],
    "message": "role is required"
  }
]
Sat Jul 15 2023 21:27:50 [Rizvi UM] error: globalErrorHandelar ~ [
  {
    "code": "invalid_type",
    "expected": "string",
    "received": "undefined",
    "path": [
      "body",
      "role"
    ],
    "message": "role is required"
  }
]
Sat Jul 15 2023 21:27:51 [Rizvi UM] error: globalErrorHandelar ~ [
  {
    "code": "invalid_type",
    "expected": "string",
    "received": "undefined",
    "path": [
      "body",
      "role"
    ],
    "message": "role is required"
  }
]
Sat Jul 15 2023 21:27:51 [Rizvi UM] error: globalErrorHandelar ~ [
  {
    "code": "invalid_type",
    "expected": "string",
    "received": "undefined",
    "path": [
      "body",
      "role"
    ],
    "message": "role is required"
  }
]
Sat Jul 15 2023 21:30:9 [Rizvi UM] error: globalErrorHandelar ~ User validation failed: role: Path `role` is required.
