Sat Jul 15 2023 23:31:17 [Rizvi UM] error: globalErrorHandelar ~ [
  {
    "code": "invalid_type",
    "expected": "string",
    "received": "undefined",
    "path": [
      "body",
      "role"
    ],
    "message": "role is required"
  }
]
Sat Jul 15 2023 23:38:11 [Rizvi UM] error: globalErrorHandelar ~ [
  {
    "code": "invalid_type",
    "expected": "string",
    "received": "undefined",
    "path": [
      "body",
      "role"
    ],
    "message": "role is required"
  }
]
Sat Jul 15 2023 23:38:13 [Rizvi UM] error: globalErrorHandelar ~ [
  {
    "code": "invalid_type",
    "expected": "string",
    "received": "undefined",
    "path": [
      "body",
      "role"
    ],
    "message": "role is required"
  }
]
Sat Jul 15 2023 23:38:13 [Rizvi UM] error: globalErrorHandelar ~ [
  {
    "code": "invalid_type",
    "expected": "string",
    "received": "undefined",
    "path": [
      "body",
      "role"
    ],
    "message": "role is required"
  }
]
Sat Jul 15 2023 23:38:14 [Rizvi UM] error: globalErrorHandelar ~ [
  {
    "code": "invalid_type",
    "expected": "string",
    "received": "undefined",
    "path": [
      "body",
      "role"
    ],
    "message": "role is required"
  }
]
Sat Jul 15 2023 23:38:15 [Rizvi UM] error: globalErrorHandelar ~ [
  {
    "code": "invalid_type",
    "expected": "string",
    "received": "undefined",
    "path": [
      "body",
      "role"
    ],
    "message": "role is required"
  }
]
Sat Jul 15 2023 23:38:17 [Rizvi UM] error: globalErrorHandelar ~ [
  {
    "code": "invalid_type",
    "expected": "string",
    "received": "undefined",
    "path": [
      "body",
      "role"
    ],
    "message": "role is required"
  }
]
Sat Jul 15 2023 23:40:30 [Rizvi UM] error: globalErrorHandelar ~ [
  {
    "code": "invalid_type",
    "expected": "string",
    "received": "undefined",
    "path": [
      "body",
      "role"
    ],
    "message": "role is required"
  }
]
